2004.03.25 22:24 B C:\Parallelizer\test\lapsig\lapsig.h --> astro.temple.edu /homef/000/shi/fsun/lapsig lapsig.h
2004.03.25 22:24 B C:\Parallelizer\test\lapsig\lapsig_123.c --> astro.temple.edu /homef/000/shi/fsun/lapsig lapsig_123.c
2004.03.25 22:24 B C:\Parallelizer\test\lapsig\lapsig_org.c --> astro.temple.edu /homef/000/shi/fsun/lapsig lapsig_org.c
2004.03.25 22:25 B C:\Parallelizer\test\lapsig\lapsig_parallel.c --> astro.temple.edu /homef/000/shi/fsun/lapsig lapsig_parallel.c
2004.03.25 22:25 B C:\Parallelizer\test\lapsig\lapsig_seq.c --> astro.temple.edu /homef/000/shi/fsun/lapsig lapsig_seq.c
2004.03.25 22:25 B C:\Parallelizer\test\lapsig\sigma.c --> astro.temple.edu /homef/000/shi/fsun/lapsig sigma.c
2004.03.25 22:37 B C:\Parallelizer\test\lapsig\lapsig.h --> astro.temple.edu /homef/000/shi/fsun/lapsig lapsig.h
2004.03.25 22:37 B C:\Parallelizer\test\lapsig\lapsig_123.c --> astro.temple.edu /homef/000/shi/fsun/lapsig lapsig_123.c
2004.03.25 22:37 B C:\Parallelizer\test\lapsig\lapsig_org.c --> astro.temple.edu /homef/000/shi/fsun/lapsig lapsig_org.c
2004.03.25 22:37 B C:\Parallelizer\test\lapsig\lapsig_parallel.c --> astro.temple.edu /homef/000/shi/fsun/lapsig lapsig_parallel.c
2004.03.25 22:37 B C:\Parallelizer\test\lapsig\lapsig_seq.c --> astro.temple.edu /homef/000/shi/fsun/lapsig lapsig_seq.c
2004.03.25 22:37 B C:\Parallelizer\test\lapsig\sigma.c --> astro.temple.edu /homef/000/shi/fsun/lapsig sigma.c
2004.03.25 22:39 B C:\Parallelizer\test\lapsig\lapsig_123.c --> astro.temple.edu /homef/000/shi/fsun/lapsig lapsig_123.c
2004.03.25 22:39 B C:\Parallelizer\test\lapsig\lapsig_parallel.c --> astro.temple.edu /homef/000/shi/fsun/lapsig lapsig_parallel.c
2004.03.25 22:49 B C:\Parallelizer\test\lapsig\lapsig.h --> astro.temple.edu /homef/000/shi/fsun/lapsig lapsig.h
2004.03.25 22:49 B C:\Parallelizer\test\lapsig\lapsig_123.c --> astro.temple.edu /homef/000/shi/fsun/lapsig lapsig_123.c
2004.03.25 22:49 B C:\Parallelizer\test\lapsig\lapsig_org.c --> astro.temple.edu /homef/000/shi/fsun/lapsig lapsig_org.c
2004.03.25 22:49 B C:\Parallelizer\test\lapsig\lapsig_parallel.c --> astro.temple.edu /homef/000/shi/fsun/lapsig lapsig_parallel.c
2004.03.25 22:49 B C:\Parallelizer\test\lapsig\lapsig_seq.c --> astro.temple.edu /homef/000/shi/fsun/lapsig lapsig_seq.c
2004.03.25 22:49 B C:\Parallelizer\test\lapsig\sigma.c --> astro.temple.edu /homef/000/shi/fsun/lapsig sigma.c
2004.03.25 23:06 B C:\Parallelizer\test\lapsig\lapsig.h --> astro.temple.edu /homef/000/shi/fsun/lapsig lapsig.h
2004.03.25 23:06 B C:\Parallelizer\test\lapsig\lapsig_123.c --> astro.temple.edu /homef/000/shi/fsun/lapsig lapsig_123.c
2004.03.25 23:06 B C:\Parallelizer\test\lapsig\lapsig_org.c --> astro.temple.edu /homef/000/shi/fsun/lapsig lapsig_org.c
2004.03.25 23:06 B C:\Parallelizer\test\lapsig\lapsig_parallel.c --> astro.temple.edu /homef/000/shi/fsun/lapsig lapsig_parallel.c
2004.03.25 23:06 B C:\Parallelizer\test\lapsig\lapsig_seq.c --> astro.temple.edu /homef/000/shi/fsun/lapsig lapsig_seq.c
2004.03.25 23:06 B C:\Parallelizer\test\lapsig\params.h --> astro.temple.edu /homef/000/shi/fsun/lapsig params.h
2004.03.25 23:06 B C:\Parallelizer\test\lapsig\sigma.c --> astro.temple.edu /homef/000/shi/fsun/lapsig sigma.c
2004.03.25 23:40 B C:\Parallelizer\test\lapsig\lapsig.h --> astro.temple.edu /homef/000/shi/fsun/lapsig lapsig.h
2004.03.25 23:40 B C:\Parallelizer\test\lapsig\lapsig_123.c --> astro.temple.edu /homef/000/shi/fsun/lapsig lapsig_123.c
2004.03.25 23:40 B C:\Parallelizer\test\lapsig\lapsig_org.c --> astro.temple.edu /homef/000/shi/fsun/lapsig lapsig_org.c
2004.03.25 23:40 B C:\Parallelizer\test\lapsig\lapsig_parallel.c --> astro.temple.edu /homef/000/shi/fsun/lapsig lapsig_parallel.c
2004.03.25 23:40 B C:\Parallelizer\test\lapsig\lapsig_seq.c --> astro.temple.edu /homef/000/shi/fsun/lapsig lapsig_seq.c
2004.03.25 23:40 B C:\Parallelizer\test\lapsig\params.h --> astro.temple.edu /homef/000/shi/fsun/lapsig params.h
2004.03.25 23:40 B C:\Parallelizer\test\lapsig\sigma.c --> astro.temple.edu /homef/000/shi/fsun/lapsig sigma.c
2004.03.26 10:52 B C:\Parallelizer\test\lapsig\lapsig_123.c --> astro.temple.edu /homef/000/shi/fsun/lapsig lapsig_123.c
2004.03.26 10:52 B C:\Parallelizer\test\lapsig\lapsig_parallel.c --> astro.temple.edu /homef/000/shi/fsun/lapsig lapsig_parallel.c
2004.03.26 10:52 B C:\Parallelizer\test\lapsig\lapsig_seq.c --> astro.temple.edu /homef/000/shi/fsun/lapsig lapsig_seq.c
2004.03.26 11:06 B C:\Parallelizer\test\lapsig\lapsig_123.c --> astro.temple.edu /homef/000/shi/fsun/lapsig lapsig_123.c
2004.03.26 11:06 B C:\Parallelizer\test\lapsig\lapsig_parallel.c --> astro.temple.edu /homef/000/shi/fsun/lapsig lapsig_parallel.c
2004.03.26 11:06 B C:\Parallelizer\test\lapsig\lapsig_seq.c --> astro.temple.edu /homef/000/shi/fsun/lapsig lapsig_seq.c
2004.03.26 20:25 B C:\Parallelizer\test\lapsig\lapsig_123.c --> astro.temple.edu /homef/000/shi/fsun/lapsig lapsig_123.c
2004.03.26 20:25 B C:\Parallelizer\test\lapsig\lapsig_parallel.c --> astro.temple.edu /homef/000/shi/fsun/lapsig lapsig_parallel.c
2004.03.26 20:25 B C:\Parallelizer\test\lapsig\lapsig_seq.c --> astro.temple.edu /homef/000/shi/fsun/lapsig lapsig_seq.c
2004.03.26 20:44 B C:\Parallelizer\test\lapsig\lapsig.h --> astro.temple.edu /homef/000/shi/fsun/lapsig lapsig.h
2004.03.26 20:44 B C:\Parallelizer\test\lapsig\lapsig_123.c --> astro.temple.edu /homef/000/shi/fsun/lapsig lapsig_123.c
2004.03.26 20:44 B C:\Parallelizer\test\lapsig\lapsig_org.c --> astro.temple.edu /homef/000/shi/fsun/lapsig lapsig_org.c
2004.03.26 20:44 B C:\Parallelizer\test\lapsig\lapsig_parallel.c --> astro.temple.edu /homef/000/shi/fsun/lapsig lapsig_parallel.c
2004.03.26 20:44 B C:\Parallelizer\test\lapsig\lapsig_seq.c --> astro.temple.edu /homef/000/shi/fsun/lapsig lapsig_seq.c
2004.03.26 20:44 B C:\Parallelizer\test\lapsig\params.h --> astro.temple.edu /homef/000/shi/fsun/lapsig params.h
2004.03.26 20:44 B C:\Parallelizer\test\lapsig\sigma.c --> astro.temple.edu /homef/000/shi/fsun/lapsig sigma.c
2004.03.26 20:49 B C:\Parallelizer\test\lapsig\lapsig_123.c --> astro.temple.edu /homef/000/shi/fsun/lapsig lapsig_123.c
2004.03.26 20:49 B C:\Parallelizer\test\lapsig\lapsig_parallel.c --> astro.temple.edu /homef/000/shi/fsun/lapsig lapsig_parallel.c
2004.03.26 20:49 B C:\Parallelizer\test\lapsig\lapsig_seq.c --> astro.temple.edu /homef/000/shi/fsun/lapsig lapsig_seq.c
2004.03.26 20:59 B C:\Parallelizer\test\lapsig\lapsig.h --> astro.temple.edu /homef/000/shi/fsun/lapsig lapsig.h
2004.03.26 20:59 B C:\Parallelizer\test\lapsig\lapsig_123.c --> astro.temple.edu /homef/000/shi/fsun/lapsig lapsig_123.c
2004.03.26 20:59 B C:\Parallelizer\test\lapsig\lapsig_org.c --> astro.temple.edu /homef/000/shi/fsun/lapsig lapsig_org.c
2004.03.26 20:59 B C:\Parallelizer\test\lapsig\lapsig_parallel.c --> astro.temple.edu /homef/000/shi/fsun/lapsig lapsig_parallel.c
2004.03.26 20:59 B C:\Parallelizer\test\lapsig\lapsig_seq.c --> astro.temple.edu /homef/000/shi/fsun/lapsig lapsig_seq.c
2004.03.26 21:15 B C:\Parallelizer\test\lapsig\lapsig_123.c --> astro.temple.edu /homef/000/shi/fsun/lapsig lapsig_123.c
2004.03.26 21:15 B C:\Parallelizer\test\lapsig\lapsig_parallel.c --> astro.temple.edu /homef/000/shi/fsun/lapsig lapsig_parallel.c
2004.03.26 21:15 B C:\Parallelizer\test\lapsig\lapsig_seq.c --> astro.temple.edu /homef/000/shi/fsun/lapsig lapsig_seq.c
2004.03.26 21:33 B C:\Parallelizer\test\lapsig\lapsig_123.c --> astro.temple.edu /homef/000/shi/fsun/lapsig lapsig_123.c
2004.03.26 21:33 B C:\Parallelizer\test\lapsig\lapsig_parallel.c --> astro.temple.edu /homef/000/shi/fsun/lapsig lapsig_parallel.c
2004.03.26 21:33 B C:\Parallelizer\test\lapsig\lapsig_seq.c --> astro.temple.edu /homef/000/shi/fsun/lapsig lapsig_seq.c
