2003.11.27 12:02 B C:\Parallelizer\test\LUFactor\blu.h --> astro.temple.edu /homef/000/shi/fsun/LUFactor blu.h
2003.11.27 12:02 B C:\Parallelizer\test\LUFactor\blu_123456.c --> astro.temple.edu /homef/000/shi/fsun/LUFactor blu_123456.c
2003.11.27 12:02 B C:\Parallelizer\test\LUFactor\blu_234567.c --> astro.temple.edu /homef/000/shi/fsun/LUFactor blu_234567.c
2003.11.27 12:03 B C:\Parallelizer\test\LUFactor\blu_parallel.c --> astro.temple.edu /homef/000/shi/fsun/LUFactor blu_parallel.c
2003.11.27 12:03 B C:\Parallelizer\test\LUFactor\blu_seq.c --> astro.temple.edu /homef/000/shi/fsun/LUFactor blu_seq.c
2003.11.27 12:03 B C:\Parallelizer\test\LUFactor\LUFactor.c --> astro.temple.edu /homef/000/shi/fsun/LUFactor LUFactor.c
2003.11.27 12:03 B C:\Parallelizer\test\LUFactor\TriangleSolver.c --> astro.temple.edu /homef/000/shi/fsun/LUFactor TriangleSolver.c
2003.11.27 12:03 B C:\Parallelizer\test\LUFactor\wall_clock.c --> astro.temple.edu /homef/000/shi/fsun/LUFactor wall_clock.c
2003.11.27 12:04 B C:\Parallelizer\test\LUFactor\blu.h --> astro.temple.edu /homef/000/shi/fsun/LUFactor blu.h
2003.11.27 12:04 B C:\Parallelizer\test\LUFactor\blu_123456.c --> astro.temple.edu /homef/000/shi/fsun/LUFactor blu_123456.c
2003.11.27 12:04 B C:\Parallelizer\test\LUFactor\blu_234567.c --> astro.temple.edu /homef/000/shi/fsun/LUFactor blu_234567.c
2003.11.27 12:04 B C:\Parallelizer\test\LUFactor\blu_parallel.c --> astro.temple.edu /homef/000/shi/fsun/LUFactor blu_parallel.c
2003.11.27 12:04 B C:\Parallelizer\test\LUFactor\blu_seq.c --> astro.temple.edu /homef/000/shi/fsun/LUFactor blu_seq.c
2003.11.27 12:04 B C:\Parallelizer\test\LUFactor\LUFactor.c --> astro.temple.edu /homef/000/shi/fsun/LUFactor LUFactor.c
2003.11.27 12:04 B C:\Parallelizer\test\LUFactor\TriangleSolver.c --> astro.temple.edu /homef/000/shi/fsun/LUFactor TriangleSolver.c
2003.11.27 12:04 B C:\Parallelizer\test\LUFactor\wall_clock.c --> astro.temple.edu /homef/000/shi/fsun/LUFactor wall_clock.c
2003.11.27 15:46 B C:\Parallelizer\test\LUFactor\blu.h --> astro.temple.edu /homef/000/shi/fsun/LUFactor blu.h
2003.11.27 15:46 B C:\Parallelizer\test\LUFactor\blu_123456.c --> astro.temple.edu /homef/000/shi/fsun/LUFactor blu_123456.c
2003.11.27 15:46 B C:\Parallelizer\test\LUFactor\blu_234567.c --> astro.temple.edu /homef/000/shi/fsun/LUFactor blu_234567.c
2003.11.27 15:46 B C:\Parallelizer\test\LUFactor\blu_parallel.c --> astro.temple.edu /homef/000/shi/fsun/LUFactor blu_parallel.c
2003.11.27 15:46 B C:\Parallelizer\test\LUFactor\blu_seq.c --> astro.temple.edu /homef/000/shi/fsun/LUFactor blu_seq.c
2003.11.27 15:46 B C:\Parallelizer\test\LUFactor\LUFactor.c --> astro.temple.edu /homef/000/shi/fsun/LUFactor LUFactor.c
2003.11.27 15:46 B C:\Parallelizer\test\LUFactor\TriangleSolver.c --> astro.temple.edu /homef/000/shi/fsun/LUFactor TriangleSolver.c
2003.11.27 15:46 B C:\Parallelizer\test\LUFactor\wall_clock.c --> astro.temple.edu /homef/000/shi/fsun/LUFactor wall_clock.c
2003.11.27 16:56 B C:\Parallelizer\test\LUFactor\blu.h --> astro.temple.edu /homef/000/shi/fsun/LUFactor blu.h
2003.11.27 16:56 B C:\Parallelizer\test\LUFactor\blu_123456.c --> astro.temple.edu /homef/000/shi/fsun/LUFactor blu_123456.c
2003.11.27 16:56 B C:\Parallelizer\test\LUFactor\blu_234567.c --> astro.temple.edu /homef/000/shi/fsun/LUFactor blu_234567.c
2003.11.27 16:56 B C:\Parallelizer\test\LUFactor\blu_parallel.c --> astro.temple.edu /homef/000/shi/fsun/LUFactor blu_parallel.c
2003.11.27 16:56 B C:\Parallelizer\test\LUFactor\blu_seq.c --> astro.temple.edu /homef/000/shi/fsun/LUFactor blu_seq.c
2003.11.27 16:56 B C:\Parallelizer\test\LUFactor\LUFactor.c --> astro.temple.edu /homef/000/shi/fsun/LUFactor LUFactor.c
2003.11.27 16:56 B C:\Parallelizer\test\LUFactor\TriangleSolver.c --> astro.temple.edu /homef/000/shi/fsun/LUFactor TriangleSolver.c
2003.11.27 16:57 B C:\Parallelizer\test\LUFactor\wall_clock.c --> astro.temple.edu /homef/000/shi/fsun/LUFactor wall_clock.c
2003.11.27 16:58 B C:\Parallelizer\test\LUFactor\blu_parallel.c --> astro.temple.edu /homef/000/shi/fsun/LUFactor blu_parallel.c
2003.12.04 11:44 B C:\Parallelizer\test\LUFactor\blu_123456.c --> astro.temple.edu /homef/000/shi/fsun/LUFactor blu_123456.c
2003.12.04 11:44 B C:\Parallelizer\test\LUFactor\blu_234567.c --> astro.temple.edu /homef/000/shi/fsun/LUFactor blu_234567.c
2003.12.04 11:44 B C:\Parallelizer\test\LUFactor\blu_parallel.c --> astro.temple.edu /homef/000/shi/fsun/LUFactor blu_parallel.c
2003.12.04 11:44 B C:\Parallelizer\test\LUFactor\blu_seq.c --> astro.temple.edu /homef/000/shi/fsun/LUFactor blu_seq.c
2003.12.04 12:29 B C:\Parallelizer\test\LUFactor\blu_123456.c --> astro.temple.edu /homef/000/shi/fsun/LUFactor blu_123456.c
2003.12.04 12:29 B C:\Parallelizer\test\LUFactor\blu_234567.c --> astro.temple.edu /homef/000/shi/fsun/LUFactor blu_234567.c
2003.12.04 12:29 B C:\Parallelizer\test\LUFactor\blu_parallel.c --> astro.temple.edu /homef/000/shi/fsun/LUFactor blu_parallel.c
2003.12.04 12:29 B C:\Parallelizer\test\LUFactor\blu_seq.c --> astro.temple.edu /homef/000/shi/fsun/LUFactor blu_seq.c
2003.12.04 15:52 B C:\Parallelizer\test\LUFactor\blu_123456.c --> astro.temple.edu /homef/000/shi/fsun/LUFactor blu_123456.c
2003.12.04 15:52 B C:\Parallelizer\test\LUFactor\blu_234567.c --> astro.temple.edu /homef/000/shi/fsun/LUFactor blu_234567.c
2003.12.04 15:52 B C:\Parallelizer\test\LUFactor\blu_parallel.c --> astro.temple.edu /homef/000/shi/fsun/LUFactor blu_parallel.c
2003.12.04 15:52 B C:\Parallelizer\test\LUFactor\blu_seq.c --> astro.temple.edu /homef/000/shi/fsun/LUFactor blu_seq.c
2003.12.05 11:04 B C:\Parallelizer\test\LUFactor\blu_234567.c --> astro.temple.edu /homef/000/shi/fsun/LUFactor blu_234567.c
2003.12.05 11:04 B C:\Parallelizer\test\LUFactor\blu_parallel.c --> astro.temple.edu /homef/000/shi/fsun/LUFactor blu_parallel.c
2003.12.05 11:04 B C:\Parallelizer\test\LUFactor\blu_seq.c --> astro.temple.edu /homef/000/shi/fsun/LUFactor blu_seq.c
2004.01.02 05:16 B C:\Parallelizer\test\LUFactor\blu_234567.c --> astro.temple.edu /homef/000/shi/fsun/LUFactor blu_234567.c
2004.01.02 05:16 B C:\Parallelizer\test\LUFactor\blu_parallel.c --> astro.temple.edu /homef/000/shi/fsun/LUFactor blu_parallel.c
2004.01.02 05:17 B C:\Parallelizer\test\LUFactor\blu_seq.c --> astro.temple.edu /homef/000/shi/fsun/LUFactor blu_seq.c
2004.01.02 06:46 B C:\Parallelizer\test\LUFactor\blu_234567.c --> astro.temple.edu /homef/000/shi/fsun/LUFactor blu_234567.c
2004.01.02 06:46 B C:\Parallelizer\test\LUFactor\blu_parallel.c --> astro.temple.edu /homef/000/shi/fsun/LUFactor blu_parallel.c
2004.01.02 06:46 B C:\Parallelizer\test\LUFactor\blu_seq.c --> astro.temple.edu /homef/000/shi/fsun/LUFactor blu_seq.c
2004.01.02 06:46 B C:\Parallelizer\test\LUFactor\blu_234567.c --> astro.temple.edu /homef/000/shi/fsun/LUFactor blu_234567.c
2004.01.02 06:46 B C:\Parallelizer\test\LUFactor\blu_parallel.c --> astro.temple.edu /homef/000/shi/fsun/LUFactor blu_parallel.c
2004.01.02 06:47 B C:\Parallelizer\test\LUFactor\blu_seq.c --> astro.temple.edu /homef/000/shi/fsun/LUFactor blu_seq.c
2004.01.03 06:59 B C:\Parallelizer\test\LUFactor\blu.h --> astro.temple.edu /homef/000/shi/fsun/LUFactor blu.h
2004.01.03 06:59 B C:\Parallelizer\test\LUFactor\blu_234567.c --> astro.temple.edu /homef/000/shi/fsun/LUFactor blu_234567.c
2004.01.03 06:59 B C:\Parallelizer\test\LUFactor\blu_parallel.c --> astro.temple.edu /homef/000/shi/fsun/LUFactor blu_parallel.c
2004.01.03 06:59 B C:\Parallelizer\test\LUFactor\blu_seq.c --> astro.temple.edu /homef/000/shi/fsun/LUFactor blu_seq.c
2004.01.03 06:59 B C:\Parallelizer\test\LUFactor\blu.h --> astro.temple.edu /homef/000/shi/fsun/LUFactor blu.h
2004.01.03 06:59 B C:\Parallelizer\test\LUFactor\blu_234567.c --> astro.temple.edu /homef/000/shi/fsun/LUFactor blu_234567.c
2004.01.03 06:59 B C:\Parallelizer\test\LUFactor\blu_parallel.c --> astro.temple.edu /homef/000/shi/fsun/LUFactor blu_parallel.c
2004.01.03 06:59 B C:\Parallelizer\test\LUFactor\blu_seq.c --> astro.temple.edu /homef/000/shi/fsun/LUFactor blu_seq.c
2004.01.11 20:17 B C:\Parallelizer\test\LUFactor\blu.h --> astro.temple.edu /homef/000/shi/fsun/LUFactor blu.h
2004.01.11 20:17 B C:\Parallelizer\test\LUFactor\blu_123456.c --> astro.temple.edu /homef/000/shi/fsun/LUFactor blu_123456.c
2004.01.11 20:17 B C:\Parallelizer\test\LUFactor\blu_parallel.c --> astro.temple.edu /homef/000/shi/fsun/LUFactor blu_parallel.c
2004.01.11 20:17 B C:\Parallelizer\test\LUFactor\blu_seq.c --> astro.temple.edu /homef/000/shi/fsun/LUFactor blu_seq.c
2004.01.12 01:51 B C:\Parallelizer\test\LUFactor\blu_123456.c --> astro.temple.edu /homef/000/shi/fsun/LUFactor blu_123456.c
2004.01.12 01:51 B C:\Parallelizer\test\LUFactor\blu_parallel.c --> astro.temple.edu /homef/000/shi/fsun/LUFactor blu_parallel.c
2004.01.12 01:51 B C:\Parallelizer\test\LUFactor\blu_seq.c --> astro.temple.edu /homef/000/shi/fsun/LUFactor blu_seq.c
2004.01.12 10:26 B C:\Parallelizer\test\LUFactor\blu_123456.c --> astro.temple.edu /homef/000/shi/fsun/LUFactor blu_123456.c
2004.01.12 10:26 B C:\Parallelizer\test\LUFactor\blu_parallel.c --> astro.temple.edu /homef/000/shi/fsun/LUFactor blu_parallel.c
2004.01.12 10:26 B C:\Parallelizer\test\LUFactor\blu_seq.c --> astro.temple.edu /homef/000/shi/fsun/LUFactor blu_seq.c
2004.01.12 23:12 B C:\Parallelizer\test\LUFactor\blu_123456.c --> astro.temple.edu /homef/000/shi/fsun/LUFactor blu_123456.c
2004.01.12 23:12 B C:\Parallelizer\test\LUFactor\blu_parallel.c --> astro.temple.edu /homef/000/shi/fsun/LUFactor blu_parallel.c
2004.01.12 23:12 B C:\Parallelizer\test\LUFactor\blu_seq.c --> astro.temple.edu /homef/000/shi/fsun/LUFactor blu_seq.c
2004.01.13 20:10 B C:\Parallelizer\test\LUFactor\blu_123456.c --> astro.temple.edu /homef/000/shi/fsun/LUFactor blu_123456.c
2004.01.13 20:10 B C:\Parallelizer\test\LUFactor\blu_parallel.c --> astro.temple.edu /homef/000/shi/fsun/LUFactor blu_parallel.c
2004.01.13 20:10 B C:\Parallelizer\test\LUFactor\blu_seq.c --> astro.temple.edu /homef/000/shi/fsun/LUFactor blu_seq.c
2004.02.23 12:37 B C:\Parallelizer\test\LUFactor\blu.h --> astro.temple.edu /homef/000/shi/fsun/LUFactor blu.h
2004.02.23 12:37 B C:\Parallelizer\test\LUFactor\blu_123456.c --> astro.temple.edu /homef/000/shi/fsun/LUFactor blu_123456.c
2004.02.23 12:37 B C:\Parallelizer\test\LUFactor\blu_parallel.c --> astro.temple.edu /homef/000/shi/fsun/LUFactor blu_parallel.c
2004.02.23 12:37 B C:\Parallelizer\test\LUFactor\blu_seq.c --> astro.temple.edu /homef/000/shi/fsun/LUFactor blu_seq.c
2004.02.23 12:57 B C:\Parallelizer\test\LUFactor\blu.h --> astro.temple.edu /homef/000/shi/fsun/LUFactor blu.h
2004.02.23 12:57 B C:\Parallelizer\test\LUFactor\blu_123456.c --> astro.temple.edu /homef/000/shi/fsun/LUFactor blu_123456.c
2004.02.23 12:57 B C:\Parallelizer\test\LUFactor\blu_parallel.c --> astro.temple.edu /homef/000/shi/fsun/LUFactor blu_parallel.c
2004.02.23 12:57 B C:\Parallelizer\test\LUFactor\blu_seq.c --> astro.temple.edu /homef/000/shi/fsun/LUFactor blu_seq.c
2004.02.23 13:00 B C:\Parallelizer\test\LUFactor\LUFactor.c --> astro.temple.edu /homef/000/shi/fsun/LUFactor LUFactor.c
2004.02.23 13:00 B C:\Parallelizer\test\LUFactor\TriangleSolver.c --> astro.temple.edu /homef/000/shi/fsun/LUFactor TriangleSolver.c
2004.02.23 13:00 B C:\Parallelizer\test\LUFactor\wall_clock.c --> astro.temple.edu /homef/000/shi/fsun/LUFactor wall_clock.c
2004.02.23 13:12 B C:\Parallelizer\test\LUFactor\blu_123456.c --> astro.temple.edu /homef/000/shi/fsun/LUFactor blu_123456.c
2004.02.23 13:12 B C:\Parallelizer\test\LUFactor\blu_parallel.c --> astro.temple.edu /homef/000/shi/fsun/LUFactor blu_parallel.c
2004.02.23 13:12 B C:\Parallelizer\test\LUFactor\blu_seq.c --> astro.temple.edu /homef/000/shi/fsun/LUFactor blu_seq.c
2004.02.23 17:49 B C:\Parallelizer\test\LUFactor\blu_123456.c --> astro.temple.edu /homef/000/shi/fsun/LUFactor blu_123456.c
2004.02.23 17:49 B C:\Parallelizer\test\LUFactor\blu_parallel.c --> astro.temple.edu /homef/000/shi/fsun/LUFactor blu_parallel.c
2004.02.23 17:49 B C:\Parallelizer\test\LUFactor\blu_seq.c --> astro.temple.edu /homef/000/shi/fsun/LUFactor blu_seq.c
